<?xml version="1.0" encoding="UTF-8"?>
<!-- Generated by org.testng.reporters.JUnitReportReporter -->
<testsuite skipped="0" hostname="IN1WXL-522493" name="com.crm.qa.test.LoginPageTest" tests="4" failures="0" timestamp="01 Dec 2018 07:55:53 GMT" time="78.496" errors="0">
  <testcase name="logoTest" time="14.763" classname="com.crm.qa.test.LoginPageTest"/>
  <testcase name="signUpLinkTest" time="21.096" classname="com.crm.qa.test.LoginPageTest"/>
  <testcase name="loginTest" time="26.358" classname="com.crm.qa.test.LoginPageTest"/>
  <testcase name="titleTest" time="16.279" classname="com.crm.qa.test.LoginPageTest"/>
</testsuite> <!-- com.crm.qa.test.LoginPageTest -->
