<?xml version="1.0" encoding="UTF-8"?>
<!-- Generated by org.testng.reporters.JUnitReportReporter -->
<testsuite skipped="0" hostname="IN1WXL-522493" name="com.crm.qa.test.HomePageTest" tests="3" failures="0" timestamp="01 Dec 2018 07:55:53 GMT" time="84.016" errors="0">
  <testcase name="usernameTest" time="26.958" classname="com.crm.qa.test.HomePageTest"/>
  <testcase name="homePageTitleTest" time="30.462" classname="com.crm.qa.test.HomePageTest"/>
  <testcase name="clickContactTabTest" time="26.596" classname="com.crm.qa.test.HomePageTest"/>
</testsuite> <!-- com.crm.qa.test.HomePageTest -->
