<?xml version="1.0" encoding="UTF-8"?>
<!-- Generated by org.testng.reporters.JUnitReportReporter -->
<testsuite skipped="0" hostname="IN1WXL-522493" name="com.crm.qa.test.contactPageTest" tests="2" failures="0" timestamp="01 Dec 2018 07:55:53 GMT" time="59.338" errors="0">
  <testcase name="getContactLabelTest" time="28.824" classname="com.crm.qa.test.contactPageTest"/>
  <testcase name="selectContactsTest" time="30.514" classname="com.crm.qa.test.contactPageTest"/>
</testsuite> <!-- com.crm.qa.test.contactPageTest -->
