<?xml version="1.0" encoding="UTF-8"?>
<!-- Generated by org.testng.reporters.JUnitReportReporter -->
<testsuite skipped="0" hostname="IN1WXL-522493" name="com.crm.qa.test.DealsPageTest" tests="3" failures="0" timestamp="01 Dec 2018 07:55:53 GMT" time="94.564" errors="0">
  <testcase name="createNewDealsTest" time="30.559" classname="com.crm.qa.test.DealsPageTest"/>
  <testcase name="createNewDealsTest" time="31.950" classname="com.crm.qa.test.DealsPageTest"/>
  <testcase name="createNewDealsTest" time="32.055" classname="com.crm.qa.test.DealsPageTest"/>
</testsuite> <!-- com.crm.qa.test.DealsPageTest -->
