<?xml version="1.0" encoding="UTF-8"?>
<!-- Generated by org.testng.reporters.JUnitReportReporter -->
<testsuite hostname="IN1WXL-522493" name="com.crm.qa.test.LoginPageTest" tests="4" failures="0" timestamp="2 Dec 2018 09:25:48 GMT" time="74.514" errors="0">
  <testcase name="loginTest" time="23.205" classname="com.crm.qa.test.LoginPageTest"/>
  <testcase name="titleTest" time="14.687" classname="com.crm.qa.test.LoginPageTest"/>
  <testcase name="signUpLinkTest" time="22.557" classname="com.crm.qa.test.LoginPageTest"/>
  <testcase name="logoTest" time="14.065" classname="com.crm.qa.test.LoginPageTest"/>
</testsuite> <!-- com.crm.qa.test.LoginPageTest -->
