<?xml version="1.0" encoding="UTF-8"?>
<!-- Generated by org.testng.reporters.JUnitReportReporter -->
<testsuite hostname="IN1WXL-522493" name="com.crm.qa.test.contactPageTest" tests="2" failures="0" timestamp="2 Dec 2018 09:25:48 GMT" time="58.871" errors="0">
  <testcase name="selectContactsTest" time="29.882" classname="com.crm.qa.test.contactPageTest"/>
  <testcase name="getContactLabelTest" time="28.989" classname="com.crm.qa.test.contactPageTest"/>
</testsuite> <!-- com.crm.qa.test.contactPageTest -->
