<?xml version="1.0" encoding="UTF-8"?>
<!-- Generated by org.testng.reporters.JUnitReportReporter -->
<testsuite hostname="IN1WXL-522493" name="com.crm.qa.test.DealsPageTest" tests="3" failures="0" timestamp="2 Dec 2018 09:25:48 GMT" time="147.211" errors="0">
  <testcase name="createNewDealsTest" time="53.755" classname="com.crm.qa.test.DealsPageTest"/>
  <testcase name="createNewDealsTest" time="35.963" classname="com.crm.qa.test.DealsPageTest"/>
  <testcase name="createNewDealsTest" time="57.493" classname="com.crm.qa.test.DealsPageTest"/>
</testsuite> <!-- com.crm.qa.test.DealsPageTest -->
