<?xml version="1.0" encoding="UTF-8"?>
<!-- Generated by org.testng.reporters.JUnitReportReporter -->
<testsuite hostname="IN1WXL-522493" name="com.crm.qa.test.HomePageTest" tests="3" failures="0" timestamp="2 Dec 2018 09:25:48 GMT" time="80.703" errors="0">
  <testcase name="usernameTest" time="27.332" classname="com.crm.qa.test.HomePageTest"/>
  <testcase name="clickContactTabTest" time="27.259" classname="com.crm.qa.test.HomePageTest"/>
  <testcase name="homePageTitleTest" time="26.112" classname="com.crm.qa.test.HomePageTest"/>
</testsuite> <!-- com.crm.qa.test.HomePageTest -->
